# JRE version: OpenJDK Runtime Environment Temurin-21.0.12.1+1 (21.0.12.1+1) (build 21.0.12.1+1-LTS)
# Java VM: OpenJDK 64-Bit Server VM Temurin-21.0.12.1+1 (21.0.12.1+1-LTS, mixed mode, sharing, tiered, compressed oops, compressed class ptrs, parallel gc, windows-amd64)
GC Precious Log:
 CardTable entry size: 512
 CPUs: 8 total, 8 available
 Memory: 7866M
 Large Page Support: Disabled
 NUMA Support: Disabled
 Compressed Oops: Enabled (32-bit)
 Alignments: Space 512K, Generation 512K, Heap 2M
 Heap Min Capacity: 100M
 Heap Initial Capacity: 100M
 Heap Max Capacity: 2G
 Pre-touch: Disabled
 Parallel Workers: 8
Heap:
 PSYoungGen      total 4608K, used 2364K [0x00000000d5580000, 0x00000000d5c80000, 0x0000000100000000)
  eden space 3584K, 38% used [0x00000000d5580000,0x00000000d56d6150,0x00000000d5900000)
  from space 1024K, 97% used [0x00000000d5a00000,0x00000000d5af9210,0x00000000d5b00000)
  to   space 1536K, 0% used [0x00000000d5b00000,0x00000000d5b00000,0x00000000d5c80000)
 ParOldGen       total 225792K, used 225381K [0x0000000080000000, 0x000000008dc80000, 0x00000000d5580000)
  object space 225792K, 99% used [0x0000000080000000,0x000000008dc195f0,0x000000008dc80000)
 Metaspace       used 80115K, committed 81856K, reserved 1179648K
  class space    used 8589K, committed 9344K, reserved 1048576K
GC Heap History (20 events):
Event: 387.905 GC heap before
{Heap before GC invocations=239 (full 3):
 PSYoungGen      total 4608K, used 3871K [0x00000000d5580000, 0x00000000d5c80000, 0x0000000100000000)
  eden space 3584K, 99% used [0x00000000d5580000,0x00000000d58fffc0,0x00000000d5900000)
  from space 1024K, 28% used [0x00000000d5a80000,0x00000000d5ac8000,0x00000000d5b80000)
  to   space 512K, 0% used [0x00000000d5c00000,0x00000000d5c00000,0x00000000d5c80000)
 ParOldGen       total 220160K, used 220016K [0x0000000080000000, 0x000000008d700000, 0x00000000d5580000)
  object space 220160K, 99% used [0x0000000080000000,0x000000008d6dc3f8,0x000000008d700000)
 Metaspace       used 79711K, committed 81408K, reserved 1179648K
  class space    used 8564K, committed 9280K, reserved 1048576K
}
Event: 387.906 GC heap after
{Heap after GC invocations=239 (full 3):
 PSYoungGen      total 4096K, used 500K [0x00000000d5580000, 0x00000000d5c80000, 0x0000000100000000)
  eden space 3584K, 0% used [0x00000000d5580000,0x00000000d5580000,0x00000000d5900000)
  from space 512K, 97% used [0x00000000d5c00000,0x00000000d5c7d200,0x00000000d5c80000)
  to   space 1024K, 0% used [0x00000000d5a80000,0x00000000d5a80000,0x00000000d5b80000)
 ParOldGen       total 220160K, used 220152K [0x0000000080000000, 0x000000008d700000, 0x00000000d5580000)
  object space 220160K, 99% used [0x0000000080000000,0x000000008d6fe3f8,0x000000008d700000)
 Metaspace       used 79711K, committed 81408K, reserved 1179648K
  class space    used 8564K, committed 9280K, reserved 1048576K
}
Event: 388.290 GC heap before
{Heap before GC invocations=240 (full 3):
 PSYoungGen      total 4096K, used 4084K [0x00000000d5580000, 0x00000000d5c80000, 0x0000000100000000)
  eden space 3584K, 100% used [0x00000000d5580000,0x00000000d5900000,0x00000000d5900000)
  from space 512K, 97% used [0x00000000d5c00000,0x00000000d5c7d200,0x00000000d5c80000)
  to   space 1024K, 0% used [0x00000000d5a80000,0x00000000d5a80000,0x00000000d5b80000)
 ParOldGen       total 220160K, used 220152K [0x0000000080000000, 0x000000008d700000, 0x00000000d5580000)
  object space 220160K, 99% used [0x0000000080000000,0x000000008d6fe3f8,0x000000008d700000)
 Metaspace       used 79757K, committed 81472K, reserved 1179648K
  class space    used 8564K, committed 9280K, reserved 1048576K
}
Event: 388.291 GC heap after
{Heap after GC invocations=240 (full 3):
 PSYoungGen      total 4608K, used 288K [0x00000000d5580000, 0x00000000d5c80000, 0x0000000100000000)
  eden space 3584K, 0% used [0x00000000d5580000,0x00000000d5580000,0x00000000d5900000)
  from space 1024K, 28% used [0x00000000d5a80000,0x00000000d5ac8000,0x00000000d5b80000)
  to   space 512K, 0% used [0x00000000d5c00000,0x00000000d5c00000,0x00000000d5c80000)
 ParOldGen       total 220672K, used 220645K [0x0000000080000000, 0x000000008d780000, 0x00000000d5580000)
  object space 220672K, 99% used [0x0000000080000000,0x000000008d779608,0x000000008d780000)
 Metaspace       used 79757K, committed 81472K, reserved 1179648K
  class space    used 8564K, committed 9280K, reserved 1048576K
}
Event: 390.770 GC heap before
{Heap before GC invocations=241 (full 3):
 PSYoungGen      total 4608K, used 3872K [0x00000000d5580000, 0x00000000d5c80000, 0x0000000100000000)
  eden space 3584K, 100% used [0x00000000d5580000,0x00000000d5900000,0x00000000d5900000)
  from space 1024K, 28% used [0x00000000d5a80000,0x00000000d5ac8000,0x00000000d5b80000)
  to   space 512K, 0% used [0x00000000d5c00000,0x00000000d5c00000,0x00000000d5c80000)
 ParOldGen       total 220672K, used 220645K [0x0000000080000000, 0x000000008d780000, 0x00000000d5580000)
  object space 220672K, 99% used [0x0000000080000000,0x000000008d779608,0x000000008d780000)
 Metaspace       used 79787K, committed 81472K, reserved 1179648K
  class space    used 8564K, committed 9280K, reserved 1048576K
}
Event: 390.771 GC heap after
{Heap after GC invocations=241 (full 3):
 PSYoungGen      total 4096K, used 340K [0x00000000d5580000, 0x00000000d5c80000, 0x0000000100000000)
  eden space 3584K, 0% used [0x00000000d5580000,0x00000000d5580000,0x00000000d5900000)
  from space 512K, 66% used [0x00000000d5c00000,0x00000000d5c55200,0x00000000d5c80000)
  to   space 512K, 0% used [0x00000000d5b80000,0x00000000d5b80000,0x00000000d5c00000)
 ParOldGen       total 221184K, used 220797K [0x0000000080000000, 0x000000008d800000, 0x00000000d5580000)
  object space 221184K, 99% used [0x0000000080000000,0x000000008d79f608,0x000000008d800000)
 Metaspace       used 79787K, committed 81472K, reserved 1179648K
  class space    used 8564K, committed 9280K, reserved 1048576K
}
Event: 390.992 GC heap before
{Heap before GC invocations=242 (full 3):
 PSYoungGen      total 4096K, used 3924K [0x00000000d5580000, 0x00000000d5c80000, 0x0000000100000000)
  eden space 3584K, 100% used [0x00000000d5580000,0x00000000d5900000,0x00000000d5900000)
  from space 512K, 66% used [0x00000000d5c00000,0x00000000d5c55200,0x00000000d5c80000)
  to   space 512K, 0% used [0x00000000d5b80000,0x00000000d5b80000,0x00000000d5c00000)
 ParOldGen       total 221184K, used 220797K [0x0000000080000000, 0x000000008d800000, 0x00000000d5580000)
  object space 221184K, 99% used [0x0000000080000000,0x000000008d79f608,0x000000008d800000)
 Metaspace       used 79819K, committed 81536K, reserved 1179648K
  class space    used 8564K, committed 9280K, reserved 1048576K
}
Event: 390.994 GC heap after
{Heap after GC invocations=242 (full 3):
 PSYoungGen      total 4096K, used 500K [0x00000000d5580000, 0x00000000d5c80000, 0x0000000100000000)
  eden space 3584K, 0% used [0x00000000d5580000,0x00000000d5580000,0x00000000d5900000)
  from space 512K, 97% used [0x00000000d5b80000,0x00000000d5bfd200,0x00000000d5c00000)
  to   space 512K, 0% used [0x00000000d5c00000,0x00000000d5c00000,0x00000000d5c80000)
 ParOldGen       total 221184K, used 221066K [0x0000000080000000, 0x000000008d800000, 0x00000000d5580000)
  object space 221184K, 99% used [0x0000000080000000,0x000000008d7e2828,0x000000008d800000)
 Metaspace       used 79819K, committed 81536K, reserved 1179648K
  class space    used 8564K, committed 9280K, reserved 1048576K
}
Event: 391.097 GC heap before
{Heap before GC invocations=243 (full 3):
 PSYoungGen      total 4096K, used 4084K [0x00000000d5580000, 0x00000000d5c80000, 0x0000000100000000)
  eden space 3584K, 100% used [0x00000000d5580000,0x00000000d5900000,0x00000000d5900000)
  from space 512K, 97% used [0x00000000d5b80000,0x00000000d5bfd200,0x00000000d5c00000)
  to   space 512K, 0% used [0x00000000d5c00000,0x00000000d5c00000,0x00000000d5c80000)
 ParOldGen       total 221184K, used 221066K [0x0000000080000000, 0x000000008d800000, 0x00000000d5580000)
  object space 221184K, 99% used [0x0000000080000000,0x000000008d7e2828,0x000000008d800000)
 Metaspace       used 79849K, committed 81536K, reserved 1179648K
  class space    used 8567K, committed 9280K, reserved 1048576K
}
Event: 391.099 GC heap after
{Heap after GC invocations=243 (full 3):
 PSYoungGen      total 4096K, used 340K [0x00000000d5580000, 0x00000000d5c80000, 0x0000000100000000)
  eden space 3584K, 0% used [0x00000000d5580000,0x00000000d5580000,0x00000000d5900000)
  from space 512K, 66% used [0x00000000d5c00000,0x00000000d5c55200,0x00000000d5c80000)
  to   space 512K, 0% used [0x00000000d5b80000,0x00000000d5b80000,0x00000000d5c00000)
 ParOldGen       total 221696K, used 221522K [0x0000000080000000, 0x000000008d880000, 0x00000000d5580000)
  object space 221696K, 99% used [0x0000000080000000,0x000000008d854828,0x000000008d880000)
 Metaspace       used 79849K, committed 81536K, reserved 1179648K
  class space    used 8567K, committed 9280K, reserved 1048576K
}
Event: 391.324 GC heap before
{Heap before GC invocations=244 (full 3):
 PSYoungGen      total 4096K, used 3924K [0x00000000d5580000, 0x00000000d5c80000, 0x0000000100000000)
  eden space 3584K, 100% used [0x00000000d5580000,0x00000000d5900000,0x00000000d5900000)
  from space 512K, 66% used [0x00000000d5c00000,0x00000000d5c55200,0x00000000d5c80000)
  to   space 512K, 0% used [0x00000000d5b80000,0x00000000d5b80000,0x00000000d5c00000)
 ParOldGen       total 221696K, used 221522K [0x0000000080000000, 0x000000008d880000, 0x00000000d5580000)
  object space 221696K, 99% used [0x0000000080000000,0x000000008d854828,0x000000008d880000)
 Metaspace       used 79923K, committed 81600K, reserved 1179648K
  class space    used 8574K, committed 9280K, reserved 1048576K
}
Event: 391.326 GC heap after
{Heap after GC invocations=244 (full 3):
 PSYoungGen      total 4096K, used 500K [0x00000000d5580000, 0x00000000d5c80000, 0x0000000100000000)
  eden space 3584K, 0% used [0x00000000d5580000,0x00000000d5580000,0x00000000d5900000)
  from space 512K, 97% used [0x00000000d5b80000,0x00000000d5bfd200,0x00000000d5c00000)
  to   space 512K, 0% used [0x00000000d5c00000,0x00000000d5c00000,0x00000000d5c80000)
 ParOldGen       total 222208K, used 221934K [0x0000000080000000, 0x000000008d900000, 0x00000000d5580000)
  object space 222208K, 99% used [0x0000000080000000,0x000000008d8bba38,0x000000008d900000)
 Metaspace       used 79923K, committed 81600K, reserved 1179648K
  class space    used 8574K, committed 9280K, reserved 1048576K
}
Event: 391.357 GC heap before
{Heap before GC invocations=245 (full 3):
 PSYoungGen      total 4096K, used 4083K [0x00000000d5580000, 0x00000000d5c80000, 0x0000000100000000)
  eden space 3584K, 99% used [0x00000000d5580000,0x00000000d58ffad8,0x00000000d5900000)
  from space 512K, 97% used [0x00000000d5b80000,0x00000000d5bfd200,0x00000000d5c00000)
  to   space 512K, 0% used [0x00000000d5c00000,0x00000000d5c00000,0x00000000d5c80000)
 ParOldGen       total 222208K, used 221934K [0x0000000080000000, 0x000000008d900000, 0x00000000d5580000)
  object space 222208K, 99% used [0x0000000080000000,0x000000008d8bba38,0x000000008d900000)
 Metaspace       used 79940K, committed 81664K, reserved 1179648K
  class space    used 8574K, committed 9280K, reserved 1048576K
}
Event: 391.359 GC heap after
{Heap after GC invocations=245 (full 3):
 PSYoungGen      total 4096K, used 218K [0x00000000d5580000, 0x00000000d5c80000, 0x0000000100000000)
  eden space 3584K, 0% used [0x00000000d5580000,0x00000000d5580000,0x00000000d5900000)
  from space 512K, 42% used [0x00000000d5c00000,0x00000000d5c36900,0x00000000d5c80000)
  to   space 512K, 0% used [0x00000000d5b80000,0x00000000d5b80000,0x00000000d5c00000)
 ParOldGen       total 222720K, used 222334K [0x0000000080000000, 0x000000008d980000, 0x00000000d5580000)
  object space 222720K, 99% used [0x0000000080000000,0x000000008d91fa38,0x000000008d980000)
 Metaspace       used 79940K, committed 81664K, reserved 1179648K
  class space    used 8574K, committed 9280K, reserved 1048576K
}
Event: 391.378 GC heap before
{Heap before GC invocations=246 (full 3):
 PSYoungGen      total 4096K, used 3802K [0x00000000d5580000, 0x00000000d5c80000, 0x0000000100000000)
  eden space 3584K, 100% used [0x00000000d5580000,0x00000000d5900000,0x00000000d5900000)
  from space 512K, 42% used [0x00000000d5c00000,0x00000000d5c36900,0x00000000d5c80000)
  to   space 512K, 0% used [0x00000000d5b80000,0x00000000d5b80000,0x00000000d5c00000)
 ParOldGen       total 222720K, used 222334K [0x0000000080000000, 0x000000008d980000, 0x00000000d5580000)
  object space 222720K, 99% used [0x0000000080000000,0x000000008d91fa38,0x000000008d980000)
 Metaspace       used 79948K, committed 81664K, reserved 1179648K
  class space    used 8574K, committed 9280K, reserved 1048576K
}
Event: 391.381 GC heap after
{Heap after GC invocations=246 (full 3):
 PSYoungGen      total 4096K, used 499K [0x00000000d5580000, 0x00000000d5f00000, 0x0000000100000000)
  eden space 3584K, 0% used [0x00000000d5580000,0x00000000d5580000,0x00000000d5900000)
  from space 512K, 97% used [0x00000000d5b80000,0x00000000d5bfce00,0x00000000d5c00000)
  to   space 3072K, 0% used [0x00000000d5c00000,0x00000000d5c00000,0x00000000d5f00000)
 ParOldGen       total 224256K, used 224215K [0x0000000080000000, 0x000000008db00000, 0x00000000d5580000)
  object space 224256K, 99% used [0x0000000080000000,0x000000008daf5f70,0x000000008db00000)
 Metaspace       used 79948K, committed 81664K, reserved 1179648K
  class space    used 8574K, committed 9280K, reserved 1048576K
}
Event: 391.624 GC heap before
{Heap before GC invocations=247 (full 3):
 PSYoungGen      total 4096K, used 4083K [0x00000000d5580000, 0x00000000d5f00000, 0x0000000100000000)
  eden space 3584K, 99% used [0x00000000d5580000,0x00000000d58fffe0,0x00000000d5900000)
  from space 512K, 97% used [0x00000000d5b80000,0x00000000d5bfce00,0x00000000d5c00000)
  to   space 3072K, 0% used [0x00000000d5c00000,0x00000000d5c00000,0x00000000d5f00000)
 ParOldGen       total 224256K, used 224215K [0x0000000080000000, 0x000000008db00000, 0x00000000d5580000)
  object space 224256K, 99% used [0x0000000080000000,0x000000008daf5f70,0x000000008db00000)
 Metaspace       used 80066K, committed 81792K, reserved 1179648K
  class space    used 8581K, committed 9344K, reserved 1048576K
}
Event: 391.637 GC heap after
{Heap after GC invocations=247 (full 3):
 PSYoungGen      total 4608K, used 787K [0x00000000d5580000, 0x00000000d5d00000, 0x0000000100000000)
  eden space 3584K, 0% used [0x00000000d5580000,0x00000000d5580000,0x00000000d5900000)
  from space 1024K, 76% used [0x00000000d5c00000,0x00000000d5cc4e38,0x00000000d5d00000)
  to   space 1536K, 0% used [0x00000000d5a00000,0x00000000d5a00000,0x00000000d5b80000)
 ParOldGen       total 224768K, used 224746K [0x0000000080000000, 0x000000008db80000, 0x00000000d5580000)
  object space 224768K, 99% used [0x0000000080000000,0x000000008db7abc8,0x000000008db80000)
 Metaspace       used 80066K, committed 81792K, reserved 1179648K
  class space    used 8581K, committed 9344K, reserved 1048576K
}
Event: 391.729 GC heap before
{Heap before GC invocations=248 (full 3):
 PSYoungGen      total 4608K, used 4371K [0x00000000d5580000, 0x00000000d5d00000, 0x0000000100000000)
  eden space 3584K, 100% used [0x00000000d5580000,0x00000000d5900000,0x00000000d5900000)
  from space 1024K, 76% used [0x00000000d5c00000,0x00000000d5cc4e38,0x00000000d5d00000)
  to   space 1536K, 0% used [0x00000000d5a00000,0x00000000d5a00000,0x00000000d5b80000)
 ParOldGen       total 224768K, used 224746K [0x0000000080000000, 0x000000008db80000, 0x00000000d5580000)
  object space 224768K, 99% used [0x0000000080000000,0x000000008db7abc8,0x000000008db80000)
 Metaspace       used 80081K, committed 81856K, reserved 1179648K
  class space    used 8581K, committed 9344K, reserved 1048576K
}
Event: 391.734 GC heap after
{Heap after GC invocations=248 (full 3):
 PSYoungGen      total 4608K, used 996K [0x00000000d5580000, 0x00000000d5c80000, 0x0000000100000000)
  eden space 3584K, 0% used [0x00000000d5580000,0x00000000d5580000,0x00000000d5900000)
  from space 1024K, 97% used [0x00000000d5a00000,0x00000000d5af9210,0x00000000d5b00000)
  to   space 1536K, 0% used [0x00000000d5b00000,0x00000000d5b00000,0x00000000d5c80000)
 ParOldGen       total 225792K, used 225381K [0x0000000080000000, 0x000000008dc80000, 0x00000000d5580000)
  object space 225792K, 99% used [0x0000000080000000,0x000000008dc195f0,0x000000008dc80000)
 Metaspace       used 80081K, committed 81856K, reserved 1179648K
  class space    used 8581K, committed 9344K, reserved 1048576K
}

