# JRE version: OpenJDK Runtime Environment Temurin-21.0.12.1+1 (21.0.12.1+1) (build 21.0.12.1+1-LTS)
# Java VM: OpenJDK 64-Bit Server VM Temurin-21.0.12.1+1 (21.0.12.1+1-LTS, mixed mode, sharing, tiered, compressed oops, compressed class ptrs, parallel gc, windows-amd64)
GC Precious Log:
 CardTable entry size: 512
 CPUs: 8 total, 8 available
 Memory: 7866M
 Large Page Support: Disabled
 NUMA Support: Disabled
 Compressed Oops: Enabled (32-bit)
 Alignments: Space 512K, Generation 512K, Heap 2M
 Heap Min Capacity: 100M
 Heap Initial Capacity: 100M
 Heap Max Capacity: 2G
 Pre-touch: Disabled
 Parallel Workers: 8
Heap:
 PSYoungGen      total 9216K, used 7391K [0x00000000d5580000, 0x00000000d6d00000, 0x0000000100000000)
  eden space 6656K, 72% used [0x00000000d5580000,0x00000000d5a3a8d8,0x00000000d5c00000)
  from space 2560K, 99% used [0x00000000d6280000,0x00000000d64fd4c0,0x00000000d6500000)
  to   space 6656K, 0% used [0x00000000d5c00000,0x00000000d5c00000,0x00000000d6280000)
 ParOldGen       total 1398272K, used 87537K [0x0000000080000000, 0x00000000d5580000, 0x00000000d5580000)
  object space 1398272K, 6% used [0x0000000080000000,0x000000008557c478,0x00000000d5580000)
 Metaspace       used 75932K, committed 77376K, reserved 1179648K
  class space    used 7964K, committed 8576K, reserved 1048576K
GC Heap History (20 events):
Event: 446.846 GC heap before
{Heap before GC invocations=108 (full 5):
 PSYoungGen      total 11264K, used 10996K [0x00000000d5580000, 0x00000000d6700000, 0x0000000100000000)
  eden space 10240K, 97% used [0x00000000d5580000,0x00000000d5f45518,0x00000000d5f80000)
  from space 1024K, 96% used [0x00000000d6600000,0x00000000d66f7b10,0x00000000d6700000)
  to   space 3072K, 0% used [0x00000000d6100000,0x00000000d6100000,0x00000000d6400000)
 ParOldGen       total 1398272K, used 79603K [0x0000000080000000, 0x00000000d5580000, 0x00000000d5580000)
  object space 1398272K, 5% used [0x0000000080000000,0x0000000084dbcfe0,0x00000000d5580000)
 Metaspace       used 75274K, committed 76736K, reserved 1179648K
  class space    used 7960K, committed 8576K, reserved 1048576K
}
Event: 446.849 GC heap after
{Heap after GC invocations=108 (full 5):
 PSYoungGen      total 13824K, used 2077K [0x00000000d5580000, 0x00000000d6680000, 0x0000000100000000)
  eden space 10752K, 0% used [0x00000000d5580000,0x00000000d5580000,0x00000000d6000000)
  from space 3072K, 67% used [0x00000000d6100000,0x00000000d63076f0,0x00000000d6400000)
  to   space 2560K, 0% used [0x00000000d6400000,0x00000000d6400000,0x00000000d6680000)
 ParOldGen       total 1398272K, used 79611K [0x0000000080000000, 0x00000000d5580000, 0x00000000d5580000)
  object space 1398272K, 5% used [0x0000000080000000,0x0000000084dbefe0,0x00000000d5580000)
 Metaspace       used 75274K, committed 76736K, reserved 1179648K
  class space    used 7960K, committed 8576K, reserved 1048576K
}
Event: 448.091 GC heap before
{Heap before GC invocations=109 (full 5):
 PSYoungGen      total 13824K, used 12829K [0x00000000d5580000, 0x00000000d6680000, 0x0000000100000000)
  eden space 10752K, 99% used [0x00000000d5580000,0x00000000d5fffff0,0x00000000d6000000)
  from space 3072K, 67% used [0x00000000d6100000,0x00000000d63076f0,0x00000000d6400000)
  to   space 2560K, 0% used [0x00000000d6400000,0x00000000d6400000,0x00000000d6680000)
 ParOldGen       total 1398272K, used 79611K [0x0000000080000000, 0x00000000d5580000, 0x00000000d5580000)
  object space 1398272K, 5% used [0x0000000080000000,0x0000000084dbefe0,0x00000000d5580000)
 Metaspace       used 75358K, committed 76864K, reserved 1179648K
  class space    used 7961K, committed 8576K, reserved 1048576K
}
Event: 448.092 GC heap after
{Heap after GC invocations=109 (full 5):
 PSYoungGen      total 12288K, used 922K [0x00000000d5580000, 0x00000000d6500000, 0x0000000100000000)
  eden space 11264K, 0% used [0x00000000d5580000,0x00000000d5580000,0x00000000d6080000)
  from space 1024K, 90% used [0x00000000d6400000,0x00000000d64e6900,0x00000000d6500000)
  to   space 1536K, 0% used [0x00000000d6200000,0x00000000d6200000,0x00000000d6380000)
 ParOldGen       total 1398272K, used 79619K [0x0000000080000000, 0x00000000d5580000, 0x00000000d5580000)
  object space 1398272K, 5% used [0x0000000080000000,0x0000000084dc0fe0,0x00000000d5580000)
 Metaspace       used 75358K, committed 76864K, reserved 1179648K
  class space    used 7961K, committed 8576K, reserved 1048576K
}
Event: 449.647 GC heap before
{Heap before GC invocations=110 (full 5):
 PSYoungGen      total 12288K, used 12186K [0x00000000d5580000, 0x00000000d6500000, 0x0000000100000000)
  eden space 11264K, 100% used [0x00000000d5580000,0x00000000d6080000,0x00000000d6080000)
  from space 1024K, 90% used [0x00000000d6400000,0x00000000d64e6900,0x00000000d6500000)
  to   space 1536K, 0% used [0x00000000d6200000,0x00000000d6200000,0x00000000d6380000)
 ParOldGen       total 1398272K, used 79619K [0x0000000080000000, 0x00000000d5580000, 0x00000000d5580000)
  object space 1398272K, 5% used [0x0000000080000000,0x0000000084dc0fe0,0x00000000d5580000)
 Metaspace       used 75421K, committed 76864K, reserved 1179648K
  class space    used 7962K, committed 8576K, reserved 1048576K
}
Event: 449.649 GC heap after
{Heap after GC invocations=110 (full 5):
 PSYoungGen      total 13312K, used 1268K [0x00000000d5580000, 0x00000000d6480000, 0x0000000100000000)
  eden space 11776K, 0% used [0x00000000d5580000,0x00000000d5580000,0x00000000d6100000)
  from space 1536K, 82% used [0x00000000d6200000,0x00000000d633d200,0x00000000d6380000)
  to   space 1024K, 0% used [0x00000000d6380000,0x00000000d6380000,0x00000000d6480000)
 ParOldGen       total 1398272K, used 79627K [0x0000000080000000, 0x00000000d5580000, 0x00000000d5580000)
  object space 1398272K, 5% used [0x0000000080000000,0x0000000084dc2fe0,0x00000000d5580000)
 Metaspace       used 75421K, committed 76864K, reserved 1179648K
  class space    used 7962K, committed 8576K, reserved 1048576K
}
Event: 450.454 GC heap before
{Heap before GC invocations=111 (full 5):
 PSYoungGen      total 13312K, used 13040K [0x00000000d5580000, 0x00000000d6480000, 0x0000000100000000)
  eden space 11776K, 99% used [0x00000000d5580000,0x00000000d60ff168,0x00000000d6100000)
  from space 1536K, 82% used [0x00000000d6200000,0x00000000d633d200,0x00000000d6380000)
  to   space 1024K, 0% used [0x00000000d6380000,0x00000000d6380000,0x00000000d6480000)
 ParOldGen       total 1398272K, used 79627K [0x0000000080000000, 0x00000000d5580000, 0x00000000d5580000)
  object space 1398272K, 5% used [0x0000000080000000,0x0000000084dc2fe0,0x00000000d5580000)
 Metaspace       used 75523K, committed 76992K, reserved 1179648K
  class space    used 7963K, committed 8576K, reserved 1048576K
}
Event: 450.457 GC heap after
{Heap after GC invocations=111 (full 5):
 PSYoungGen      total 9728K, used 1000K [0x00000000d5580000, 0x00000000d6c80000, 0x0000000100000000)
  eden space 8704K, 0% used [0x00000000d5580000,0x00000000d5580000,0x00000000d5e00000)
  from space 1024K, 97% used [0x00000000d6380000,0x00000000d647a300,0x00000000d6480000)
  to   space 5632K, 0% used [0x00000000d5e00000,0x00000000d5e00000,0x00000000d6380000)
 ParOldGen       total 1398272K, used 83560K [0x0000000080000000, 0x00000000d5580000, 0x00000000d5580000)
  object space 1398272K, 5% used [0x0000000080000000,0x000000008519a0d0,0x00000000d5580000)
 Metaspace       used 75523K, committed 76992K, reserved 1179648K
  class space    used 7963K, committed 8576K, reserved 1048576K
}
Event: 450.851 GC heap before
{Heap before GC invocations=112 (full 5):
 PSYoungGen      total 9728K, used 9704K [0x00000000d5580000, 0x00000000d6c80000, 0x0000000100000000)
  eden space 8704K, 100% used [0x00000000d5580000,0x00000000d5e00000,0x00000000d5e00000)
  from space 1024K, 97% used [0x00000000d6380000,0x00000000d647a300,0x00000000d6480000)
  to   space 5632K, 0% used [0x00000000d5e00000,0x00000000d5e00000,0x00000000d6380000)
 ParOldGen       total 1398272K, used 83560K [0x0000000080000000, 0x00000000d5580000, 0x00000000d5580000)
  object space 1398272K, 5% used [0x0000000080000000,0x000000008519a0d0,0x00000000d5580000)
 Metaspace       used 75551K, committed 76992K, reserved 1179648K
  class space    used 7963K, committed 8576K, reserved 1048576K
}
Event: 450.852 GC heap after
{Heap after GC invocations=112 (full 5):
 PSYoungGen      total 9728K, used 858K [0x00000000d5580000, 0x00000000d6400000, 0x0000000100000000)
  eden space 8704K, 0% used [0x00000000d5580000,0x00000000d5580000,0x00000000d5e00000)
  from space 1024K, 83% used [0x00000000d5e00000,0x00000000d5ed6900,0x00000000d5f00000)
  to   space 2560K, 0% used [0x00000000d6180000,0x00000000d6180000,0x00000000d6400000)
 ParOldGen       total 1398272K, used 83754K [0x0000000080000000, 0x00000000d5580000, 0x00000000d5580000)
  object space 1398272K, 5% used [0x0000000080000000,0x00000000851ca9d0,0x00000000d5580000)
 Metaspace       used 75551K, committed 76992K, reserved 1179648K
  class space    used 7963K, committed 8576K, reserved 1048576K
}
Event: 451.966 GC heap before
{Heap before GC invocations=113 (full 5):
 PSYoungGen      total 9728K, used 9562K [0x00000000d5580000, 0x00000000d6400000, 0x0000000100000000)
  eden space 8704K, 100% used [0x00000000d5580000,0x00000000d5e00000,0x00000000d5e00000)
  from space 1024K, 83% used [0x00000000d5e00000,0x00000000d5ed6900,0x00000000d5f00000)
  to   space 2560K, 0% used [0x00000000d6180000,0x00000000d6180000,0x00000000d6400000)
 ParOldGen       total 1398272K, used 83754K [0x0000000080000000, 0x00000000d5580000, 0x00000000d5580000)
  object space 1398272K, 5% used [0x0000000080000000,0x00000000851ca9d0,0x00000000d5580000)
 Metaspace       used 75602K, committed 76992K, reserved 1179648K
  class space    used 7963K, committed 8576K, reserved 1048576K
}
Event: 451.968 GC heap after
{Heap after GC invocations=113 (full 5):
 PSYoungGen      total 10752K, used 1476K [0x00000000d5580000, 0x00000000d6300000, 0x0000000100000000)
  eden space 9216K, 0% used [0x00000000d5580000,0x00000000d5580000,0x00000000d5e80000)
  from space 1536K, 96% used [0x00000000d6180000,0x00000000d62f1210,0x00000000d6300000)
  to   space 2048K, 0% used [0x00000000d5f00000,0x00000000d5f00000,0x00000000d6100000)
 ParOldGen       total 1398272K, used 83762K [0x0000000080000000, 0x00000000d5580000, 0x00000000d5580000)
  object space 1398272K, 5% used [0x0000000080000000,0x00000000851cc9d0,0x00000000d5580000)
 Metaspace       used 75602K, committed 76992K, reserved 1179648K
  class space    used 7963K, committed 8576K, reserved 1048576K
}
Event: 452.188 GC heap before
{Heap before GC invocations=114 (full 5):
 PSYoungGen      total 10752K, used 10692K [0x00000000d5580000, 0x00000000d6300000, 0x0000000100000000)
  eden space 9216K, 100% used [0x00000000d5580000,0x00000000d5e80000,0x00000000d5e80000)
  from space 1536K, 96% used [0x00000000d6180000,0x00000000d62f1210,0x00000000d6300000)
  to   space 2048K, 0% used [0x00000000d5f00000,0x00000000d5f00000,0x00000000d6100000)
 ParOldGen       total 1398272K, used 83762K [0x0000000080000000, 0x00000000d5580000, 0x00000000d5580000)
  object space 1398272K, 5% used [0x0000000080000000,0x00000000851cc9d0,0x00000000d5580000)
 Metaspace       used 75642K, committed 77056K, reserved 1179648K
  class space    used 7963K, committed 8576K, reserved 1048576K
}
Event: 452.192 GC heap after
{Heap after GC invocations=114 (full 5):
 PSYoungGen      total 11776K, used 1572K [0x00000000d5580000, 0x00000000d6300000, 0x0000000100000000)
  eden space 9728K, 0% used [0x00000000d5580000,0x00000000d5580000,0x00000000d5f00000)
  from space 2048K, 76% used [0x00000000d5f00000,0x00000000d6089210,0x00000000d6100000)
  to   space 2048K, 0% used [0x00000000d6100000,0x00000000d6100000,0x00000000d6300000)
 ParOldGen       total 1398272K, used 83770K [0x0000000080000000, 0x00000000d5580000, 0x00000000d5580000)
  object space 1398272K, 5% used [0x0000000080000000,0x00000000851ce9d0,0x00000000d5580000)
 Metaspace       used 75642K, committed 77056K, reserved 1179648K
  class space    used 7963K, committed 8576K, reserved 1048576K
}
Event: 452.721 GC heap before
{Heap before GC invocations=115 (full 5):
 PSYoungGen      total 11776K, used 11300K [0x00000000d5580000, 0x00000000d6300000, 0x0000000100000000)
  eden space 9728K, 100% used [0x00000000d5580000,0x00000000d5f00000,0x00000000d5f00000)
  from space 2048K, 76% used [0x00000000d5f00000,0x00000000d6089210,0x00000000d6100000)
  to   space 2048K, 0% used [0x00000000d6100000,0x00000000d6100000,0x00000000d6300000)
 ParOldGen       total 1398272K, used 83770K [0x0000000080000000, 0x00000000d5580000, 0x00000000d5580000)
  object space 1398272K, 5% used [0x0000000080000000,0x00000000851ce9d0,0x00000000d5580000)
 Metaspace       used 75699K, committed 77120K, reserved 1179648K
  class space    used 7964K, committed 8576K, reserved 1048576K
}
Event: 452.725 GC heap after
{Heap after GC invocations=115 (full 5):
 PSYoungGen      total 11776K, used 1056K [0x00000000d5580000, 0x00000000d6280000, 0x0000000100000000)
  eden space 10240K, 0% used [0x00000000d5580000,0x00000000d5580000,0x00000000d5f80000)
  from space 1536K, 68% used [0x00000000d6100000,0x00000000d6208000,0x00000000d6280000)
  to   space 1536K, 0% used [0x00000000d5f80000,0x00000000d5f80000,0x00000000d6100000)
 ParOldGen       total 1398272K, used 83778K [0x0000000080000000, 0x00000000d5580000, 0x00000000d5580000)
  object space 1398272K, 5% used [0x0000000080000000,0x00000000851d09d0,0x00000000d5580000)
 Metaspace       used 75699K, committed 77120K, reserved 1179648K
  class space    used 7964K, committed 8576K, reserved 1048576K
}
Event: 453.541 GC heap before
{Heap before GC invocations=116 (full 5):
 PSYoungGen      total 11776K, used 11296K [0x00000000d5580000, 0x00000000d6280000, 0x0000000100000000)
  eden space 10240K, 100% used [0x00000000d5580000,0x00000000d5f80000,0x00000000d5f80000)
  from space 1536K, 68% used [0x00000000d6100000,0x00000000d6208000,0x00000000d6280000)
  to   space 1536K, 0% used [0x00000000d5f80000,0x00000000d5f80000,0x00000000d6100000)
 ParOldGen       total 1398272K, used 83778K [0x0000000080000000, 0x00000000d5580000, 0x00000000d5580000)
  object space 1398272K, 5% used [0x0000000080000000,0x00000000851d09d0,0x00000000d5580000)
 Metaspace       used 75818K, committed 77248K, reserved 1179648K
  class space    used 7964K, committed 8576K, reserved 1048576K
}
Event: 453.542 GC heap after
{Heap after GC invocations=116 (full 5):
 PSYoungGen      total 11776K, used 1529K [0x00000000d5580000, 0x00000000d6500000, 0x0000000100000000)
  eden space 10240K, 0% used [0x00000000d5580000,0x00000000d5580000,0x00000000d5f80000)
  from space 1536K, 99% used [0x00000000d5f80000,0x00000000d60fe410,0x00000000d6100000)
  to   space 2560K, 0% used [0x00000000d6280000,0x00000000d6280000,0x00000000d6500000)
 ParOldGen       total 1398272K, used 84318K [0x0000000080000000, 0x00000000d5580000, 0x00000000d5580000)
  object space 1398272K, 6% used [0x0000000080000000,0x0000000085257be0,0x00000000d5580000)
 Metaspace       used 75818K, committed 77248K, reserved 1179648K
  class space    used 7964K, committed 8576K, reserved 1048576K
}
Event: 454.055 GC heap before
{Heap before GC invocations=117 (full 5):
 PSYoungGen      total 11776K, used 11769K [0x00000000d5580000, 0x00000000d6500000, 0x0000000100000000)
  eden space 10240K, 100% used [0x00000000d5580000,0x00000000d5f80000,0x00000000d5f80000)
  from space 1536K, 99% used [0x00000000d5f80000,0x00000000d60fe410,0x00000000d6100000)
  to   space 2560K, 0% used [0x00000000d6280000,0x00000000d6280000,0x00000000d6500000)
 ParOldGen       total 1398272K, used 84318K [0x0000000080000000, 0x00000000d5580000, 0x00000000d5580000)
  object space 1398272K, 6% used [0x0000000080000000,0x0000000085257be0,0x00000000d5580000)
 Metaspace       used 75878K, committed 77312K, reserved 1179648K
  class space    used 7964K, committed 8576K, reserved 1048576K
}
Event: 454.056 GC heap after
{Heap after GC invocations=117 (full 5):
 PSYoungGen      total 9216K, used 2549K [0x00000000d5580000, 0x00000000d6d00000, 0x0000000100000000)
  eden space 6656K, 0% used [0x00000000d5580000,0x00000000d5580000,0x00000000d5c00000)
  from space 2560K, 99% used [0x00000000d6280000,0x00000000d64fd4c0,0x00000000d6500000)
  to   space 6656K, 0% used [0x00000000d5c00000,0x00000000d5c00000,0x00000000d6280000)
 ParOldGen       total 1398272K, used 87537K [0x0000000080000000, 0x00000000d5580000, 0x00000000d5580000)
  object space 1398272K, 6% used [0x0000000080000000,0x000000008557c478,0x00000000d5580000)
 Metaspace       used 75878K, committed 77312K, reserved 1179648K
  class space    used 7964K, committed 8576K, reserved 1048576K
}

